  [1m[35m (0.1ms)[0m  [1m[34mSELECT sqlite_version(*)[0m
  [1m[35m (101.8ms)[0m  [1m[35mCREATE TABLE "schema_migrations" ("version" varchar NOT NULL PRIMARY KEY)[0m
  [1m[35m (95.5ms)[0m  [1m[35mCREATE TABLE "ar_internal_metadata" ("key" varchar NOT NULL PRIMARY KEY, "value" varchar, "created_at" datetime NOT NULL, "updated_at" datetime NOT NULL)[0m
  [1m[35m (0.1ms)[0m  [1m[34mSELECT "schema_migrations"."version" FROM "schema_migrations" ORDER BY "schema_migrations"."version" ASC[0m
Migrating to CreateClimates (20180406012751)
  [1m[35m (0.1ms)[0m  [1m[36mbegin transaction[0m
  [1m[35m (0.4ms)[0m  [1m[35mCREATE TABLE "climates" ("id" INTEGER PRIMARY KEY AUTOINCREMENT NOT NULL, "town" varchar, "temperature" integer, "status" varchar, "created_at" datetime NOT NULL, "updated_at" datetime NOT NULL)[0m
  [1m[35mSQL (0.2ms)[0m  [1m[32mINSERT INTO "schema_migrations" ("version") VALUES (?)[0m  [["version", "20180406012751"]]
  [1m[35m (100.5ms)[0m  [1m[36mcommit transaction[0m
  [1m[36mActiveRecord::InternalMetadata Load (0.1ms)[0m  [1m[34mSELECT  "ar_internal_metadata".* FROM "ar_internal_metadata" WHERE "ar_internal_metadata"."key" = ? LIMIT ?[0m  [["key", "environment"], ["LIMIT", 1]]
  [1m[35m (0.1ms)[0m  [1m[36mbegin transaction[0m
  [1m[35mSQL (0.6ms)[0m  [1m[32mINSERT INTO "ar_internal_metadata" ("key", "value", "created_at", "updated_at") VALUES (?, ?, ?, ?)[0m  [["key", "environment"], ["value", "development"], ["created_at", "2018-04-06 01:27:56.873448"], ["updated_at", "2018-04-06 01:27:56.873448"]]
  [1m[35m (52.4ms)[0m  [1m[36mcommit transaction[0m
  [1m[35m (0.3ms)[0m  [1m[34mSELECT "schema_migrations"."version" FROM "schema_migrations" ORDER BY "schema_migrations"."version" ASC[0m
  [1m[35m (0.1ms)[0m  [1m[34mSELECT "schema_migrations"."version" FROM "schema_migrations" ORDER BY "schema_migrations"."version" ASC[0m
  [1m[35m (0.1ms)[0m  [1m[36mbegin transaction[0m
  [1m[35mSQL (1.7ms)[0m  [1m[32mINSERT INTO "climates" ("town", "temperature", "status", "created_at", "updated_at") VALUES (?, ?, ?, ?, ?)[0m  [["town", "tgu"], ["temperature", 150], ["status", "Rainy"], ["created_at", "2018-04-06 01:29:21.944508"], ["updated_at", "2018-04-06 01:29:21.944508"]]
  [1m[35m (128.6ms)[0m  [1m[36mcommit transaction[0m
Started GET "/api/v1/climates" for 127.0.0.1 at 2018-04-05 19:32:18 -0600
  [1m[35m (0.2ms)[0m  [1m[34mSELECT "schema_migrations"."version" FROM "schema_migrations" ORDER BY "schema_migrations"."version" ASC[0m
Processing by Api::V1::ClimatesController#index as HTML
  [1m[36mClimate Load (0.2ms)[0m  [1m[34mSELECT "climates".* FROM "climates"[0m
Completed 200 OK in 9ms (Views: 6.3ms | ActiveRecord: 0.7ms)


Started GET "/api/v1/climates" for 127.0.0.1 at 2018-04-05 19:42:36 -0600
  [1m[35m (0.2ms)[0m  [1m[34mSELECT "schema_migrations"."version" FROM "schema_migrations" ORDER BY "schema_migrations"."version" ASC[0m
Processing by Api::V1::ClimatesController#index as HTML
  [1m[36mClimate Load (0.2ms)[0m  [1m[34mSELECT "climates".* FROM "climates"[0m
Completed 200 OK in 9ms (Views: 6.5ms | ActiveRecord: 0.7ms)


Started GET "/api/v1/climates" for 127.0.0.1 at 2018-04-05 20:51:17 -0600
  [1m[35m (0.1ms)[0m  [1m[34mSELECT "schema_migrations"."version" FROM "schema_migrations" ORDER BY "schema_migrations"."version" ASC[0m
Processing by Api::V1::ClimatesController#index as HTML
  [1m[36mClimate Load (0.2ms)[0m  [1m[34mSELECT "climates".* FROM "climates" ORDER BY created_at DESC[0m
Completed 200 OK in 10ms (Views: 7.1ms | ActiveRecord: 0.7ms)


Started POST "/api/v1/climates" for 127.0.0.1 at 2018-04-05 20:52:03 -0600
Processing by Api::V1::ClimatesController#create as HTML
  Parameters: {"climate"=>{"town"=>"1", "temperature"=>"2", "status"=>"3"}}
Completed 500 Internal Server Error in 85ms (ActiveRecord: 0.0ms)


  
NameError (undefined local variable or method `climate_params' for #<Api::V1::ClimatesController:0x00007f47680059e0>
Did you mean?  cliamte_params):
  
app/controllers/api/v1/climates_controller.rb:9:in `create'
Started POST "/api/v1/climates" for 127.0.0.1 at 2018-04-05 20:52:28 -0600
Processing by Api::V1::ClimatesController#create as HTML
  Parameters: {"climate"=>{"town"=>"1", "temperature"=>"2", "status"=>"3"}}
Completed 500 Internal Server Error in 84ms (ActiveRecord: 0.0ms)


  
NameError (undefined local variable or method `climate_params' for #<Api::V1::ClimatesController:0x00007f47680fcab0>
Did you mean?  cliamte_params):
  
app/controllers/api/v1/climates_controller.rb:9:in `create'
Started POST "/api/v1/climates" for 127.0.0.1 at 2018-04-05 20:53:17 -0600
  [1m[35m (0.1ms)[0m  [1m[34mSELECT "schema_migrations"."version" FROM "schema_migrations" ORDER BY "schema_migrations"."version" ASC[0m
Processing by Api::V1::ClimatesController#create as HTML
  Parameters: {"climate"=>{"town"=>"1", "temperature"=>"2", "status"=>"3"}}
Completed 500 Internal Server Error in 81ms (ActiveRecord: 0.0ms)


  
NameError (undefined local variable or method `climate_params' for #<Api::V1::ClimatesController:0x00007f48b88e1770>
Did you mean?  cliamte_params):
  
app/controllers/api/v1/climates_controller.rb:9:in `create'
Started POST "/api/v1/climates" for 127.0.0.1 at 2018-04-05 20:54:39 -0600
  [1m[35m (0.2ms)[0m  [1m[34mSELECT "schema_migrations"."version" FROM "schema_migrations" ORDER BY "schema_migrations"."version" ASC[0m
Processing by Api::V1::ClimatesController#create as HTML
  Parameters: {"climate"=>{"town"=>"1", "temperature"=>"2", "status"=>"3"}}
  [1m[35m (0.1ms)[0m  [1m[36mbegin transaction[0m
  [1m[35mSQL (0.7ms)[0m  [1m[32mINSERT INTO "climates" ("town", "temperature", "status", "created_at", "updated_at") VALUES (?, ?, ?, ?, ?)[0m  [["town", "1"], ["temperature", 2], ["status", "3"], ["created_at", "2018-04-06 02:54:39.957509"], ["updated_at", "2018-04-06 02:54:39.957509"]]
  [1m[35m (68.7ms)[0m  [1m[36mcommit transaction[0m
Completed 200 OK in 78ms (Views: 0.4ms | ActiveRecord: 70.0ms)


